Performing C SOURCE FILE Test CMAKE_HAVE_LIBC_PTHREAD failed with the following output:
Change Dir: /home/sab3r/ws/src/roboteq_motor_controller_driver/cmake-build-debug/CMakeFiles/CMakeTmp

Run Build Command(s):/usr/bin/make cmTC_7f94d/fast && /usr/bin/make  -f CMakeFiles/cmTC_7f94d.dir/build.make CMakeFiles/cmTC_7f94d.dir/build
make[1]: Entering directory '/home/sab3r/ws/src/roboteq_motor_controller_driver/cmake-build-debug/CMakeFiles/CMakeTmp'
Building C object CMakeFiles/cmTC_7f94d.dir/src.c.o
/usr/bin/cc   -DCMAKE_HAVE_LIBC_PTHREAD   -o CMakeFiles/cmTC_7f94d.dir/src.c.o   -c /home/sab3r/ws/src/roboteq_motor_controller_driver/cmake-build-debug/CMakeFiles/CMakeTmp/src.c
Linking C executable cmTC_7f94d
/snap/clion/124/bin/cmake/linux/bin/cmake -E cmake_link_script CMakeFiles/cmTC_7f94d.dir/link.txt --verbose=1
/usr/bin/cc  -DCMAKE_HAVE_LIBC_PTHREAD    -rdynamic CMakeFiles/cmTC_7f94d.dir/src.c.o  -o cmTC_7f94d 
CMakeFiles/cmTC_7f94d.dir/src.c.o: In function `main':
src.c:(.text+0x3e): undefined reference to `pthread_create'
src.c:(.text+0x4a): undefined reference to `pthread_detach'
src.c:(.text+0x56): undefined reference to `pthread_cancel'
src.c:(.text+0x67): undefined reference to `pthread_join'
src.c:(.text+0x7b): undefined reference to `pthread_atfork'
collect2: error: ld returned 1 exit status
CMakeFiles/cmTC_7f94d.dir/build.make:106: recipe for target 'cmTC_7f94d' failed
make[1]: *** [cmTC_7f94d] Error 1
make[1]: Leaving directory '/home/sab3r/ws/src/roboteq_motor_controller_driver/cmake-build-debug/CMakeFiles/CMakeTmp'
Makefile:141: recipe for target 'cmTC_7f94d/fast' failed
make: *** [cmTC_7f94d/fast] Error 2


Source file was:
#include <pthread.h>

void* test_func(void* data)
{
  return data;
}

int main(void)
{
  pthread_t thread;
  pthread_create(&thread, NULL, test_func, NULL);
  pthread_detach(thread);
  pthread_cancel(thread);
  pthread_join(thread, NULL);
  pthread_atfork(NULL, NULL, NULL);
  pthread_exit(NULL);

  return 0;
}

Determining if the function pthread_create exists in the pthreads failed with the following output:
Change Dir: /home/sab3r/ws/src/roboteq_motor_controller_driver/cmake-build-debug/CMakeFiles/CMakeTmp

Run Build Command(s):/usr/bin/make cmTC_cb2ca/fast && /usr/bin/make  -f CMakeFiles/cmTC_cb2ca.dir/build.make CMakeFiles/cmTC_cb2ca.dir/build
make[1]: Entering directory '/home/sab3r/ws/src/roboteq_motor_controller_driver/cmake-build-debug/CMakeFiles/CMakeTmp'
Building C object CMakeFiles/cmTC_cb2ca.dir/CheckFunctionExists.c.o
/usr/bin/cc   -DCHECK_FUNCTION_EXISTS=pthread_create   -o CMakeFiles/cmTC_cb2ca.dir/CheckFunctionExists.c.o   -c /snap/clion/124/bin/cmake/linux/share/cmake-3.17/Modules/CheckFunctionExists.c
Linking C executable cmTC_cb2ca
/snap/clion/124/bin/cmake/linux/bin/cmake -E cmake_link_script CMakeFiles/cmTC_cb2ca.dir/link.txt --verbose=1
/usr/bin/cc  -DCHECK_FUNCTION_EXISTS=pthread_create    -rdynamic CMakeFiles/cmTC_cb2ca.dir/CheckFunctionExists.c.o  -o cmTC_cb2ca  -lpthreads 
/usr/bin/ld: cannot find -lpthreads
collect2: error: ld returned 1 exit status
CMakeFiles/cmTC_cb2ca.dir/build.make:106: recipe for target 'cmTC_cb2ca' failed
make[1]: *** [cmTC_cb2ca] Error 1
make[1]: Leaving directory '/home/sab3r/ws/src/roboteq_motor_controller_driver/cmake-build-debug/CMakeFiles/CMakeTmp'
Makefile:141: recipe for target 'cmTC_cb2ca/fast' failed
make: *** [cmTC_cb2ca/fast] Error 2



